.\Releasehl\hl.pdb
D:\Games\Half-Life\trinity\codesrc\dlls\.\Releasehl\hl.dll
D:\Games\Half-Life\trinity\codesrc\dlls\.\Releasehl\hl.dll.intermediate.manifest
D:\GAMES\HALF-LIFE\TRINITY\CODESRC\DLLS\RELEASEHL\AFLOCK.OBJ
D:\GAMES\HALF-LIFE\TRINITY\CODESRC\DLLS\RELEASEHL\AGRUNT.OBJ
D:\GAMES\HALF-LIFE\TRINITY\CODESRC\DLLS\RELEASEHL\AIRTANK.OBJ
D:\GAMES\HALF-LIFE\TRINITY\CODESRC\DLLS\RELEASEHL\ANIMATING.OBJ
D:\GAMES\HALF-LIFE\TRINITY\CODESRC\DLLS\RELEASEHL\ANIMATION.OBJ
D:\GAMES\HALF-LIFE\TRINITY\CODESRC\DLLS\RELEASEHL\APACHE.OBJ
D:\GAMES\HALF-LIFE\TRINITY\CODESRC\DLLS\RELEASEHL\BARNACLE.OBJ
D:\GAMES\HALF-LIFE\TRINITY\CODESRC\DLLS\RELEASEHL\BARNEY.OBJ
D:\GAMES\HALF-LIFE\TRINITY\CODESRC\DLLS\RELEASEHL\BIGMOMMA.OBJ
D:\GAMES\HALF-LIFE\TRINITY\CODESRC\DLLS\RELEASEHL\BLOATER.OBJ
D:\GAMES\HALF-LIFE\TRINITY\CODESRC\DLLS\RELEASEHL\BMODELS.OBJ
D:\GAMES\HALF-LIFE\TRINITY\CODESRC\DLLS\RELEASEHL\BULLSQUID.OBJ
D:\GAMES\HALF-LIFE\TRINITY\CODESRC\DLLS\RELEASEHL\BUTTONS.OBJ
D:\GAMES\HALF-LIFE\TRINITY\CODESRC\DLLS\RELEASEHL\CBASE.OBJ
D:\GAMES\HALF-LIFE\TRINITY\CODESRC\DLLS\RELEASEHL\CLIENT.OBJ
D:\GAMES\HALF-LIFE\TRINITY\CODESRC\DLLS\RELEASEHL\COMBAT.OBJ
D:\GAMES\HALF-LIFE\TRINITY\CODESRC\DLLS\RELEASEHL\CONTROLLER.OBJ
D:\GAMES\HALF-LIFE\TRINITY\CODESRC\DLLS\RELEASEHL\CROSSBOW.OBJ
D:\GAMES\HALF-LIFE\TRINITY\CODESRC\DLLS\RELEASEHL\CROWBAR.OBJ
D:\GAMES\HALF-LIFE\TRINITY\CODESRC\DLLS\RELEASEHL\DEFAULTAI.OBJ
D:\GAMES\HALF-LIFE\TRINITY\CODESRC\DLLS\RELEASEHL\DOORS.OBJ
D:\GAMES\HALF-LIFE\TRINITY\CODESRC\DLLS\RELEASEHL\EFFECTS.OBJ
D:\GAMES\HALF-LIFE\TRINITY\CODESRC\DLLS\RELEASEHL\EGON.OBJ
D:\GAMES\HALF-LIFE\TRINITY\CODESRC\DLLS\RELEASEHL\EXPLODE.OBJ
D:\GAMES\HALF-LIFE\TRINITY\CODESRC\DLLS\RELEASEHL\FLYINGMONSTER.OBJ
D:\GAMES\HALF-LIFE\TRINITY\CODESRC\DLLS\RELEASEHL\FUNC_BREAK.OBJ
D:\GAMES\HALF-LIFE\TRINITY\CODESRC\DLLS\RELEASEHL\FUNC_TANK.OBJ
D:\GAMES\HALF-LIFE\TRINITY\CODESRC\DLLS\RELEASEHL\GAME.OBJ
D:\GAMES\HALF-LIFE\TRINITY\CODESRC\DLLS\RELEASEHL\GAMERULES.OBJ
D:\GAMES\HALF-LIFE\TRINITY\CODESRC\DLLS\RELEASEHL\GARGANTUA.OBJ
D:\GAMES\HALF-LIFE\TRINITY\CODESRC\DLLS\RELEASEHL\GAUSS.OBJ
D:\GAMES\HALF-LIFE\TRINITY\CODESRC\DLLS\RELEASEHL\GENERICMONSTER.OBJ
D:\GAMES\HALF-LIFE\TRINITY\CODESRC\DLLS\RELEASEHL\GGRENADE.OBJ
D:\GAMES\HALF-LIFE\TRINITY\CODESRC\DLLS\RELEASEHL\GLOBALS.OBJ
D:\GAMES\HALF-LIFE\TRINITY\CODESRC\DLLS\RELEASEHL\GMAN.OBJ
D:\GAMES\HALF-LIFE\TRINITY\CODESRC\DLLS\RELEASEHL\H_AI.OBJ
D:\GAMES\HALF-LIFE\TRINITY\CODESRC\DLLS\RELEASEHL\H_BATTERY.OBJ
D:\GAMES\HALF-LIFE\TRINITY\CODESRC\DLLS\RELEASEHL\H_CINE.OBJ
D:\GAMES\HALF-LIFE\TRINITY\CODESRC\DLLS\RELEASEHL\H_CYCLER.OBJ
D:\GAMES\HALF-LIFE\TRINITY\CODESRC\DLLS\RELEASEHL\H_EXPORT.OBJ
D:\GAMES\HALF-LIFE\TRINITY\CODESRC\DLLS\RELEASEHL\HANDGRENADE.OBJ
D:\GAMES\HALF-LIFE\TRINITY\CODESRC\DLLS\RELEASEHL\HASSASSIN.OBJ
D:\GAMES\HALF-LIFE\TRINITY\CODESRC\DLLS\RELEASEHL\HEADCRAB.OBJ
D:\GAMES\HALF-LIFE\TRINITY\CODESRC\DLLS\RELEASEHL\HEALTHKIT.OBJ
D:\GAMES\HALF-LIFE\TRINITY\CODESRC\DLLS\RELEASEHL\HGRUNT.OBJ
D:\GAMES\HALF-LIFE\TRINITY\CODESRC\DLLS\RELEASEHL\HL.DLL
D:\GAMES\HALF-LIFE\TRINITY\CODESRC\DLLS\RELEASEHL\HL.DLL.INTERMEDIATE.MANIFEST
D:\Games\Half-Life\trinity\codesrc\dlls\Releasehl\hl.exp
D:\Games\Half-Life\trinity\codesrc\dlls\Releasehl\hl.lib
D:\GAMES\HALF-LIFE\TRINITY\CODESRC\DLLS\RELEASEHL\HL.MAP
D:\GAMES\HALF-LIFE\TRINITY\CODESRC\DLLS\RELEASEHL\HL.PDB
D:\GAMES\HALF-LIFE\TRINITY\CODESRC\DLLS\RELEASEHL\HL_WPN_GLOCK.OBJ
D:\GAMES\HALF-LIFE\TRINITY\CODESRC\DLLS\RELEASEHL\HORNET.OBJ
D:\GAMES\HALF-LIFE\TRINITY\CODESRC\DLLS\RELEASEHL\HORNETGUN.OBJ
D:\GAMES\HALF-LIFE\TRINITY\CODESRC\DLLS\RELEASEHL\HOUNDEYE.OBJ
D:\GAMES\HALF-LIFE\TRINITY\CODESRC\DLLS\RELEASEHL\ICHTHYOSAUR.OBJ
D:\GAMES\HALF-LIFE\TRINITY\CODESRC\DLLS\RELEASEHL\ISLAVE.OBJ
D:\GAMES\HALF-LIFE\TRINITY\CODESRC\DLLS\RELEASEHL\ITEMS.OBJ
D:\GAMES\HALF-LIFE\TRINITY\CODESRC\DLLS\RELEASEHL\LEECH.OBJ
D:\GAMES\HALF-LIFE\TRINITY\CODESRC\DLLS\RELEASEHL\LIGHTS.OBJ
D:\GAMES\HALF-LIFE\TRINITY\CODESRC\DLLS\RELEASEHL\MAPRULES.OBJ
D:\GAMES\HALF-LIFE\TRINITY\CODESRC\DLLS\RELEASEHL\MONSTERMAKER.OBJ
D:\GAMES\HALF-LIFE\TRINITY\CODESRC\DLLS\RELEASEHL\MONSTERS.OBJ
D:\GAMES\HALF-LIFE\TRINITY\CODESRC\DLLS\RELEASEHL\MONSTERSTATE.OBJ
D:\GAMES\HALF-LIFE\TRINITY\CODESRC\DLLS\RELEASEHL\MORTAR.OBJ
D:\GAMES\HALF-LIFE\TRINITY\CODESRC\DLLS\RELEASEHL\MP5.OBJ
D:\GAMES\HALF-LIFE\TRINITY\CODESRC\DLLS\RELEASEHL\MULTIPLAY_GAMERULES.OBJ
D:\GAMES\HALF-LIFE\TRINITY\CODESRC\DLLS\RELEASEHL\NIHILANTH.OBJ
D:\GAMES\HALF-LIFE\TRINITY\CODESRC\DLLS\RELEASEHL\NODES.OBJ
D:\GAMES\HALF-LIFE\TRINITY\CODESRC\DLLS\RELEASEHL\OSPREY.OBJ
D:\GAMES\HALF-LIFE\TRINITY\CODESRC\DLLS\RELEASEHL\PATHCORNER.OBJ
D:\GAMES\HALF-LIFE\TRINITY\CODESRC\DLLS\RELEASEHL\PLANE.OBJ
D:\GAMES\HALF-LIFE\TRINITY\CODESRC\DLLS\RELEASEHL\PLATS.OBJ
D:\GAMES\HALF-LIFE\TRINITY\CODESRC\DLLS\RELEASEHL\PLAYER.OBJ
D:\GAMES\HALF-LIFE\TRINITY\CODESRC\DLLS\RELEASEHL\PM_DEBUG.OBJ
D:\GAMES\HALF-LIFE\TRINITY\CODESRC\DLLS\RELEASEHL\PM_MATH.OBJ
D:\GAMES\HALF-LIFE\TRINITY\CODESRC\DLLS\RELEASEHL\PM_SHARED.OBJ
D:\GAMES\HALF-LIFE\TRINITY\CODESRC\DLLS\RELEASEHL\PYTHON.OBJ
D:\GAMES\HALF-LIFE\TRINITY\CODESRC\DLLS\RELEASEHL\RAT.OBJ
D:\GAMES\HALF-LIFE\TRINITY\CODESRC\DLLS\RELEASEHL\ROACH.OBJ
D:\GAMES\HALF-LIFE\TRINITY\CODESRC\DLLS\RELEASEHL\RPG.OBJ
D:\GAMES\HALF-LIFE\TRINITY\CODESRC\DLLS\RELEASEHL\SATCHEL.OBJ
D:\GAMES\HALF-LIFE\TRINITY\CODESRC\DLLS\RELEASEHL\SCHEDULE.OBJ
D:\GAMES\HALF-LIFE\TRINITY\CODESRC\DLLS\RELEASEHL\SCIENTIST.OBJ
D:\GAMES\HALF-LIFE\TRINITY\CODESRC\DLLS\RELEASEHL\SCRIPTED.OBJ
D:\GAMES\HALF-LIFE\TRINITY\CODESRC\DLLS\RELEASEHL\SHOTGUN.OBJ
D:\GAMES\HALF-LIFE\TRINITY\CODESRC\DLLS\RELEASEHL\SINGLEPLAY_GAMERULES.OBJ
D:\GAMES\HALF-LIFE\TRINITY\CODESRC\DLLS\RELEASEHL\SKILL.OBJ
D:\GAMES\HALF-LIFE\TRINITY\CODESRC\DLLS\RELEASEHL\SOUND.OBJ
D:\GAMES\HALF-LIFE\TRINITY\CODESRC\DLLS\RELEASEHL\SOUNDENT.OBJ
D:\GAMES\HALF-LIFE\TRINITY\CODESRC\DLLS\RELEASEHL\SPECTATOR.OBJ
D:\GAMES\HALF-LIFE\TRINITY\CODESRC\DLLS\RELEASEHL\SQUADMONSTER.OBJ
D:\GAMES\HALF-LIFE\TRINITY\CODESRC\DLLS\RELEASEHL\SQUEAKGRENADE.OBJ
D:\GAMES\HALF-LIFE\TRINITY\CODESRC\DLLS\RELEASEHL\SUBS.OBJ
D:\GAMES\HALF-LIFE\TRINITY\CODESRC\DLLS\RELEASEHL\TALKMONSTER.OBJ
D:\GAMES\HALF-LIFE\TRINITY\CODESRC\DLLS\RELEASEHL\TEAMPLAY_GAMERULES.OBJ
D:\GAMES\HALF-LIFE\TRINITY\CODESRC\DLLS\RELEASEHL\TEMPMONSTER.OBJ
D:\GAMES\HALF-LIFE\TRINITY\CODESRC\DLLS\RELEASEHL\TENTACLE.OBJ
D:\GAMES\HALF-LIFE\TRINITY\CODESRC\DLLS\RELEASEHL\TRIGGERS.OBJ
D:\GAMES\HALF-LIFE\TRINITY\CODESRC\DLLS\RELEASEHL\TRIPMINE.OBJ
D:\GAMES\HALF-LIFE\TRINITY\CODESRC\DLLS\RELEASEHL\TURRET.OBJ
D:\GAMES\HALF-LIFE\TRINITY\CODESRC\DLLS\RELEASEHL\UTIL.OBJ
D:\GAMES\HALF-LIFE\TRINITY\CODESRC\DLLS\RELEASEHL\VC100.PDB
D:\GAMES\HALF-LIFE\TRINITY\CODESRC\DLLS\RELEASEHL\VOICE_GAMEMGR.OBJ
D:\GAMES\HALF-LIFE\TRINITY\CODESRC\DLLS\RELEASEHL\WEAPONS.OBJ
D:\GAMES\HALF-LIFE\TRINITY\CODESRC\DLLS\RELEASEHL\WORLD.OBJ
D:\GAMES\HALF-LIFE\TRINITY\CODESRC\DLLS\RELEASEHL\XEN.OBJ
D:\GAMES\HALF-LIFE\TRINITY\CODESRC\DLLS\RELEASEHL\ZOMBIE.OBJ
