D:\Games\Half-Life\cl_dlls\client.dll
D:\Games\Half-Life\trinity\codesrc\cl_dll\.\Release\client.dll
D:\Games\Half-Life\trinity\codesrc\cl_dll\.\Release\client.dll.intermediate.manifest
D:\GAMES\HALF-LIFE\TRINITY\CODESRC\CL_DLL\RELEASE\AMMO.OBJ
D:\GAMES\HALF-LIFE\TRINITY\CODESRC\CL_DLL\RELEASE\AMMO_SECONDARY.OBJ
D:\GAMES\HALF-LIFE\TRINITY\CODESRC\CL_DLL\RELEASE\AMMOHISTORY.OBJ
D:\GAMES\HALF-LIFE\TRINITY\CODESRC\CL_DLL\RELEASE\BATTERY.OBJ
D:\GAMES\HALF-LIFE\TRINITY\CODESRC\CL_DLL\RELEASE\BSPRENDERER.OBJ
D:\GAMES\HALF-LIFE\TRINITY\CODESRC\CL_DLL\RELEASE\CDLL_INT.OBJ
D:\GAMES\HALF-LIFE\TRINITY\CODESRC\CL_DLL\RELEASE\CL_DLL.DLL
D:\GAMES\HALF-LIFE\TRINITY\CODESRC\CL_DLL\RELEASE\CLIENT.DLL
D:\GAMES\HALF-LIFE\TRINITY\CODESRC\CL_DLL\RELEASE\CLIENT.DLL.INTERMEDIATE.MANIFEST
D:\Games\Half-Life\trinity\codesrc\cl_dll\Release\client.exp
D:\Games\Half-Life\trinity\codesrc\cl_dll\Release\client.lib
D:\GAMES\HALF-LIFE\TRINITY\CODESRC\CL_DLL\RELEASE\CLIENT.MAP
D:\GAMES\HALF-LIFE\TRINITY\CODESRC\CL_DLL\RELEASE\COM_WEAPONS.OBJ
D:\GAMES\HALF-LIFE\TRINITY\CODESRC\CL_DLL\RELEASE\CROSSBOW.OBJ
D:\GAMES\HALF-LIFE\TRINITY\CODESRC\CL_DLL\RELEASE\CROWBAR.OBJ
D:\GAMES\HALF-LIFE\TRINITY\CODESRC\CL_DLL\RELEASE\DEATH.OBJ
D:\GAMES\HALF-LIFE\TRINITY\CODESRC\CL_DLL\RELEASE\DEMO.OBJ
D:\GAMES\HALF-LIFE\TRINITY\CODESRC\CL_DLL\RELEASE\EGON.OBJ
D:\GAMES\HALF-LIFE\TRINITY\CODESRC\CL_DLL\RELEASE\ENTITY.OBJ
D:\GAMES\HALF-LIFE\TRINITY\CODESRC\CL_DLL\RELEASE\EV_COMMON.OBJ
D:\GAMES\HALF-LIFE\TRINITY\CODESRC\CL_DLL\RELEASE\EV_HLDM.OBJ
D:\GAMES\HALF-LIFE\TRINITY\CODESRC\CL_DLL\RELEASE\EVENTS.OBJ
D:\GAMES\HALF-LIFE\TRINITY\CODESRC\CL_DLL\RELEASE\FLASHLIGHT.OBJ
D:\GAMES\HALF-LIFE\TRINITY\CODESRC\CL_DLL\RELEASE\FRUSTUM.OBJ
D:\GAMES\HALF-LIFE\TRINITY\CODESRC\CL_DLL\RELEASE\GAMESTUDIOMODELRENDERER.OBJ
D:\GAMES\HALF-LIFE\TRINITY\CODESRC\CL_DLL\RELEASE\GAUSS.OBJ
D:\GAMES\HALF-LIFE\TRINITY\CODESRC\CL_DLL\RELEASE\GEIGER.OBJ
D:\GAMES\HALF-LIFE\TRINITY\CODESRC\CL_DLL\RELEASE\HANDGRENADE.OBJ
D:\GAMES\HALF-LIFE\TRINITY\CODESRC\CL_DLL\RELEASE\HEALTH.OBJ
D:\GAMES\HALF-LIFE\TRINITY\CODESRC\CL_DLL\RELEASE\HL_BASEENTITY.OBJ
D:\GAMES\HALF-LIFE\TRINITY\CODESRC\CL_DLL\RELEASE\HL_EVENTS.OBJ
D:\GAMES\HALF-LIFE\TRINITY\CODESRC\CL_DLL\RELEASE\HL_OBJECTS.OBJ
D:\GAMES\HALF-LIFE\TRINITY\CODESRC\CL_DLL\RELEASE\HL_WEAPONS.OBJ
D:\GAMES\HALF-LIFE\TRINITY\CODESRC\CL_DLL\RELEASE\HL_WPN_GLOCK.OBJ
D:\GAMES\HALF-LIFE\TRINITY\CODESRC\CL_DLL\RELEASE\HORNETGUN.OBJ
D:\GAMES\HALF-LIFE\TRINITY\CODESRC\CL_DLL\RELEASE\HUD.OBJ
D:\GAMES\HALF-LIFE\TRINITY\CODESRC\CL_DLL\RELEASE\HUD_MSG.OBJ
D:\GAMES\HALF-LIFE\TRINITY\CODESRC\CL_DLL\RELEASE\HUD_REDRAW.OBJ
D:\GAMES\HALF-LIFE\TRINITY\CODESRC\CL_DLL\RELEASE\HUD_SERVERS.OBJ
D:\GAMES\HALF-LIFE\TRINITY\CODESRC\CL_DLL\RELEASE\HUD_SPECTATOR.OBJ
D:\GAMES\HALF-LIFE\TRINITY\CODESRC\CL_DLL\RELEASE\HUD_UPDATE.OBJ
D:\GAMES\HALF-LIFE\TRINITY\CODESRC\CL_DLL\RELEASE\IN_CAMERA.OBJ
D:\GAMES\HALF-LIFE\TRINITY\CODESRC\CL_DLL\RELEASE\INPUT.OBJ
D:\GAMES\HALF-LIFE\TRINITY\CODESRC\CL_DLL\RELEASE\INPUTW32.OBJ
D:\GAMES\HALF-LIFE\TRINITY\CODESRC\CL_DLL\RELEASE\INTERFACE.OBJ
D:\GAMES\HALF-LIFE\TRINITY\CODESRC\CL_DLL\RELEASE\MENU.OBJ
D:\GAMES\HALF-LIFE\TRINITY\CODESRC\CL_DLL\RELEASE\MESSAGE.OBJ
D:\GAMES\HALF-LIFE\TRINITY\CODESRC\CL_DLL\RELEASE\MIRRORMANAGER.OBJ
D:\GAMES\HALF-LIFE\TRINITY\CODESRC\CL_DLL\RELEASE\MP5.OBJ
D:\GAMES\HALF-LIFE\TRINITY\CODESRC\CL_DLL\RELEASE\PARSEMSG.OBJ
D:\GAMES\HALF-LIFE\TRINITY\CODESRC\CL_DLL\RELEASE\PARTICLE_ENGINE.OBJ
D:\GAMES\HALF-LIFE\TRINITY\CODESRC\CL_DLL\RELEASE\PM_DEBUG.OBJ
D:\GAMES\HALF-LIFE\TRINITY\CODESRC\CL_DLL\RELEASE\PM_MATH.OBJ
D:\GAMES\HALF-LIFE\TRINITY\CODESRC\CL_DLL\RELEASE\PM_SHARED.OBJ
D:\GAMES\HALF-LIFE\TRINITY\CODESRC\CL_DLL\RELEASE\PROPMANAGER.OBJ
D:\GAMES\HALF-LIFE\TRINITY\CODESRC\CL_DLL\RELEASE\PYTHON.OBJ
D:\GAMES\HALF-LIFE\TRINITY\CODESRC\CL_DLL\RELEASE\RENDERERDEFS.OBJ
D:\GAMES\HALF-LIFE\TRINITY\CODESRC\CL_DLL\RELEASE\RPG.OBJ
D:\GAMES\HALF-LIFE\TRINITY\CODESRC\CL_DLL\RELEASE\SATCHEL.OBJ
D:\GAMES\HALF-LIFE\TRINITY\CODESRC\CL_DLL\RELEASE\SAYTEXT.OBJ
D:\GAMES\HALF-LIFE\TRINITY\CODESRC\CL_DLL\RELEASE\SHOTGUN.OBJ
D:\GAMES\HALF-LIFE\TRINITY\CODESRC\CL_DLL\RELEASE\SQUEAKGRENADE.OBJ
D:\GAMES\HALF-LIFE\TRINITY\CODESRC\CL_DLL\RELEASE\STATUS_ICONS.OBJ
D:\GAMES\HALF-LIFE\TRINITY\CODESRC\CL_DLL\RELEASE\STATUSBAR.OBJ
D:\GAMES\HALF-LIFE\TRINITY\CODESRC\CL_DLL\RELEASE\STUDIO_UTIL.OBJ
D:\GAMES\HALF-LIFE\TRINITY\CODESRC\CL_DLL\RELEASE\STUDIOMODELRENDERER.OBJ
D:\GAMES\HALF-LIFE\TRINITY\CODESRC\CL_DLL\RELEASE\TEXT_MESSAGE.OBJ
D:\GAMES\HALF-LIFE\TRINITY\CODESRC\CL_DLL\RELEASE\TEXTURELOADER.OBJ
D:\GAMES\HALF-LIFE\TRINITY\CODESRC\CL_DLL\RELEASE\TRAIN.OBJ
D:\GAMES\HALF-LIFE\TRINITY\CODESRC\CL_DLL\RELEASE\TRI.OBJ
D:\GAMES\HALF-LIFE\TRINITY\CODESRC\CL_DLL\RELEASE\TRIPMINE.OBJ
D:\GAMES\HALF-LIFE\TRINITY\CODESRC\CL_DLL\RELEASE\UTIL.OBJ
D:\GAMES\HALF-LIFE\TRINITY\CODESRC\CL_DLL\RELEASE\VC100.PDB
D:\GAMES\HALF-LIFE\TRINITY\CODESRC\CL_DLL\RELEASE\VGUI_CHECKBUTTON2.OBJ
D:\GAMES\HALF-LIFE\TRINITY\CODESRC\CL_DLL\RELEASE\VGUI_CLASSMENU.OBJ
D:\GAMES\HALF-LIFE\TRINITY\CODESRC\CL_DLL\RELEASE\VGUI_CONSOLEPANEL.OBJ
D:\GAMES\HALF-LIFE\TRINITY\CODESRC\CL_DLL\RELEASE\VGUI_CONTROLCONFIGPANEL.OBJ
D:\GAMES\HALF-LIFE\TRINITY\CODESRC\CL_DLL\RELEASE\VGUI_CUSTOMOBJECTS.OBJ
D:\GAMES\HALF-LIFE\TRINITY\CODESRC\CL_DLL\RELEASE\VGUI_GRID.OBJ
D:\GAMES\HALF-LIFE\TRINITY\CODESRC\CL_DLL\RELEASE\VGUI_HELPERS.OBJ
D:\GAMES\HALF-LIFE\TRINITY\CODESRC\CL_DLL\RELEASE\VGUI_INT.OBJ
D:\GAMES\HALF-LIFE\TRINITY\CODESRC\CL_DLL\RELEASE\VGUI_LISTBOX.OBJ
D:\GAMES\HALF-LIFE\TRINITY\CODESRC\CL_DLL\RELEASE\VGUI_LOADTGA.OBJ
D:\GAMES\HALF-LIFE\TRINITY\CODESRC\CL_DLL\RELEASE\VGUI_MOTDWINDOW.OBJ
D:\GAMES\HALF-LIFE\TRINITY\CODESRC\CL_DLL\RELEASE\VGUI_SCHEMEMANAGER.OBJ
D:\GAMES\HALF-LIFE\TRINITY\CODESRC\CL_DLL\RELEASE\VGUI_SCOREPANEL.OBJ
D:\GAMES\HALF-LIFE\TRINITY\CODESRC\CL_DLL\RELEASE\VGUI_SCROLLBAR2.OBJ
D:\GAMES\HALF-LIFE\TRINITY\CODESRC\CL_DLL\RELEASE\VGUI_SERVERBROWSER.OBJ
D:\GAMES\HALF-LIFE\TRINITY\CODESRC\CL_DLL\RELEASE\VGUI_SLIDER2.OBJ
D:\GAMES\HALF-LIFE\TRINITY\CODESRC\CL_DLL\RELEASE\VGUI_SPECTATORPANEL.OBJ
D:\GAMES\HALF-LIFE\TRINITY\CODESRC\CL_DLL\RELEASE\VGUI_TEAMFORTRESSVIEWPORT.OBJ
D:\GAMES\HALF-LIFE\TRINITY\CODESRC\CL_DLL\RELEASE\VGUI_TEAMMENU.OBJ
D:\GAMES\HALF-LIFE\TRINITY\CODESRC\CL_DLL\RELEASE\VIEW.OBJ
D:\GAMES\HALF-LIFE\TRINITY\CODESRC\CL_DLL\RELEASE\VOICE_BANMGR.OBJ
D:\GAMES\HALF-LIFE\TRINITY\CODESRC\CL_DLL\RELEASE\VOICE_STATUS.OBJ
D:\GAMES\HALF-LIFE\TRINITY\CODESRC\CL_DLL\RELEASE\WATERSHADER.OBJ
