.\debughl\hl.ilk
.\debughl\hl.pdb
D:\Games\Half-Life\trinity\codesrc\dlls\.\debughl\hl.dll
D:\Games\Half-Life\trinity\codesrc\dlls\.\debughl\hl.dll.intermediate.manifest
D:\Games\Half-Life\trinity\codesrc\dlls\Debug\hl.exp
D:\Games\Half-Life\trinity\codesrc\dlls\Debug\hl.lib
D:\GAMES\HALF-LIFE\TRINITY\CODESRC\DLLS\DEBUGHL\AFLOCK.OBJ
D:\GAMES\HALF-LIFE\TRINITY\CODESRC\DLLS\DEBUGHL\AGRUNT.OBJ
D:\GAMES\HALF-LIFE\TRINITY\CODESRC\DLLS\DEBUGHL\AIRTANK.OBJ
D:\GAMES\HALF-LIFE\TRINITY\CODESRC\DLLS\DEBUGHL\ANIMATING.OBJ
D:\GAMES\HALF-LIFE\TRINITY\CODESRC\DLLS\DEBUGHL\ANIMATION.OBJ
D:\GAMES\HALF-LIFE\TRINITY\CODESRC\DLLS\DEBUGHL\APACHE.OBJ
D:\GAMES\HALF-LIFE\TRINITY\CODESRC\DLLS\DEBUGHL\BARNACLE.OBJ
D:\GAMES\HALF-LIFE\TRINITY\CODESRC\DLLS\DEBUGHL\BARNEY.OBJ
D:\GAMES\HALF-LIFE\TRINITY\CODESRC\DLLS\DEBUGHL\BIGMOMMA.OBJ
D:\GAMES\HALF-LIFE\TRINITY\CODESRC\DLLS\DEBUGHL\BLOATER.OBJ
D:\GAMES\HALF-LIFE\TRINITY\CODESRC\DLLS\DEBUGHL\BMODELS.OBJ
D:\GAMES\HALF-LIFE\TRINITY\CODESRC\DLLS\DEBUGHL\BULLSQUID.OBJ
D:\GAMES\HALF-LIFE\TRINITY\CODESRC\DLLS\DEBUGHL\BUTTONS.OBJ
D:\GAMES\HALF-LIFE\TRINITY\CODESRC\DLLS\DEBUGHL\CBASE.OBJ
D:\Games\Half-Life\trinity\codesrc\dlls\debughl\cl.command.1.tlog
D:\Games\Half-Life\trinity\codesrc\dlls\debughl\CL.read.1.tlog
D:\Games\Half-Life\trinity\codesrc\dlls\debughl\CL.write.1.tlog
D:\GAMES\HALF-LIFE\TRINITY\CODESRC\DLLS\DEBUGHL\CLIENT.OBJ
D:\GAMES\HALF-LIFE\TRINITY\CODESRC\DLLS\DEBUGHL\COMBAT.OBJ
D:\GAMES\HALF-LIFE\TRINITY\CODESRC\DLLS\DEBUGHL\CONTROLLER.OBJ
D:\GAMES\HALF-LIFE\TRINITY\CODESRC\DLLS\DEBUGHL\CROSSBOW.OBJ
D:\GAMES\HALF-LIFE\TRINITY\CODESRC\DLLS\DEBUGHL\CROWBAR.OBJ
D:\GAMES\HALF-LIFE\TRINITY\CODESRC\DLLS\DEBUGHL\DEFAULTAI.OBJ
D:\GAMES\HALF-LIFE\TRINITY\CODESRC\DLLS\DEBUGHL\DOORS.OBJ
D:\GAMES\HALF-LIFE\TRINITY\CODESRC\DLLS\DEBUGHL\EFFECTS.OBJ
D:\GAMES\HALF-LIFE\TRINITY\CODESRC\DLLS\DEBUGHL\EGON.OBJ
D:\GAMES\HALF-LIFE\TRINITY\CODESRC\DLLS\DEBUGHL\EXPLODE.OBJ
D:\GAMES\HALF-LIFE\TRINITY\CODESRC\DLLS\DEBUGHL\FLYINGMONSTER.OBJ
D:\GAMES\HALF-LIFE\TRINITY\CODESRC\DLLS\DEBUGHL\FUNC_BREAK.OBJ
D:\GAMES\HALF-LIFE\TRINITY\CODESRC\DLLS\DEBUGHL\FUNC_TANK.OBJ
D:\GAMES\HALF-LIFE\TRINITY\CODESRC\DLLS\DEBUGHL\GAME.OBJ
D:\GAMES\HALF-LIFE\TRINITY\CODESRC\DLLS\DEBUGHL\GAMERULES.OBJ
D:\GAMES\HALF-LIFE\TRINITY\CODESRC\DLLS\DEBUGHL\GARGANTUA.OBJ
D:\GAMES\HALF-LIFE\TRINITY\CODESRC\DLLS\DEBUGHL\GAUSS.OBJ
D:\GAMES\HALF-LIFE\TRINITY\CODESRC\DLLS\DEBUGHL\GENERICMONSTER.OBJ
D:\GAMES\HALF-LIFE\TRINITY\CODESRC\DLLS\DEBUGHL\GGRENADE.OBJ
D:\GAMES\HALF-LIFE\TRINITY\CODESRC\DLLS\DEBUGHL\GLOBALS.OBJ
D:\GAMES\HALF-LIFE\TRINITY\CODESRC\DLLS\DEBUGHL\GMAN.OBJ
D:\GAMES\HALF-LIFE\TRINITY\CODESRC\DLLS\DEBUGHL\H_AI.OBJ
D:\GAMES\HALF-LIFE\TRINITY\CODESRC\DLLS\DEBUGHL\H_BATTERY.OBJ
D:\GAMES\HALF-LIFE\TRINITY\CODESRC\DLLS\DEBUGHL\H_CINE.OBJ
D:\GAMES\HALF-LIFE\TRINITY\CODESRC\DLLS\DEBUGHL\H_CYCLER.OBJ
D:\GAMES\HALF-LIFE\TRINITY\CODESRC\DLLS\DEBUGHL\H_EXPORT.OBJ
D:\GAMES\HALF-LIFE\TRINITY\CODESRC\DLLS\DEBUGHL\HANDGRENADE.OBJ
D:\GAMES\HALF-LIFE\TRINITY\CODESRC\DLLS\DEBUGHL\HASSASSIN.OBJ
D:\GAMES\HALF-LIFE\TRINITY\CODESRC\DLLS\DEBUGHL\HEADCRAB.OBJ
D:\GAMES\HALF-LIFE\TRINITY\CODESRC\DLLS\DEBUGHL\HEALTHKIT.OBJ
D:\GAMES\HALF-LIFE\TRINITY\CODESRC\DLLS\DEBUGHL\HGRUNT.OBJ
D:\GAMES\HALF-LIFE\TRINITY\CODESRC\DLLS\DEBUGHL\HL.DLL
D:\GAMES\HALF-LIFE\TRINITY\CODESRC\DLLS\DEBUGHL\HL.DLL.EMBED.MANIFEST
D:\GAMES\HALF-LIFE\TRINITY\CODESRC\DLLS\DEBUGHL\HL.DLL.EMBED.MANIFEST.RES
D:\GAMES\HALF-LIFE\TRINITY\CODESRC\DLLS\DEBUGHL\HL.DLL.INTERMEDIATE.MANIFEST
D:\GAMES\HALF-LIFE\TRINITY\CODESRC\DLLS\DEBUGHL\HL.ILK
D:\GAMES\HALF-LIFE\TRINITY\CODESRC\DLLS\DEBUGHL\HL.PDB
D:\Games\Half-Life\trinity\codesrc\dlls\debughl\hl.write.1.tlog
D:\Games\Half-Life\trinity\codesrc\dlls\debughl\hl_manifest.rc
D:\GAMES\HALF-LIFE\TRINITY\CODESRC\DLLS\DEBUGHL\HL_WPN_GLOCK.OBJ
D:\GAMES\HALF-LIFE\TRINITY\CODESRC\DLLS\DEBUGHL\HORNET.OBJ
D:\GAMES\HALF-LIFE\TRINITY\CODESRC\DLLS\DEBUGHL\HORNETGUN.OBJ
D:\GAMES\HALF-LIFE\TRINITY\CODESRC\DLLS\DEBUGHL\HOUNDEYE.OBJ
D:\GAMES\HALF-LIFE\TRINITY\CODESRC\DLLS\DEBUGHL\ICHTHYOSAUR.OBJ
D:\GAMES\HALF-LIFE\TRINITY\CODESRC\DLLS\DEBUGHL\ISLAVE.OBJ
D:\GAMES\HALF-LIFE\TRINITY\CODESRC\DLLS\DEBUGHL\ITEMS.OBJ
D:\GAMES\HALF-LIFE\TRINITY\CODESRC\DLLS\DEBUGHL\LEECH.OBJ
D:\GAMES\HALF-LIFE\TRINITY\CODESRC\DLLS\DEBUGHL\LIGHTS.OBJ
D:\Games\Half-Life\trinity\codesrc\dlls\debughl\link.10720.read.1.tlog
D:\Games\Half-Life\trinity\codesrc\dlls\debughl\link.10720.write.1.tlog
D:\Games\Half-Life\trinity\codesrc\dlls\debughl\link.10720-cvtres.read.1.tlog
D:\Games\Half-Life\trinity\codesrc\dlls\debughl\link.10720-cvtres.write.1.tlog
D:\Games\Half-Life\trinity\codesrc\dlls\debughl\link.command.1.tlog
D:\Games\Half-Life\trinity\codesrc\dlls\debughl\link.read.1.tlog
D:\Games\Half-Life\trinity\codesrc\dlls\debughl\link.write.1.tlog
D:\Games\Half-Life\trinity\codesrc\dlls\debughl\link-cvtres.read.1.tlog
D:\Games\Half-Life\trinity\codesrc\dlls\debughl\link-cvtres.write.1.tlog
D:\GAMES\HALF-LIFE\TRINITY\CODESRC\DLLS\DEBUGHL\MAPRULES.OBJ
D:\GAMES\HALF-LIFE\TRINITY\CODESRC\DLLS\DEBUGHL\MONSTERMAKER.OBJ
D:\GAMES\HALF-LIFE\TRINITY\CODESRC\DLLS\DEBUGHL\MONSTERS.OBJ
D:\GAMES\HALF-LIFE\TRINITY\CODESRC\DLLS\DEBUGHL\MONSTERSTATE.OBJ
D:\GAMES\HALF-LIFE\TRINITY\CODESRC\DLLS\DEBUGHL\MORTAR.OBJ
D:\GAMES\HALF-LIFE\TRINITY\CODESRC\DLLS\DEBUGHL\MP5.OBJ
D:\Games\Half-Life\trinity\codesrc\dlls\debughl\mt.command.1.tlog
D:\Games\Half-Life\trinity\codesrc\dlls\debughl\mt.read.1.tlog
D:\Games\Half-Life\trinity\codesrc\dlls\debughl\mt.write.1.tlog
D:\GAMES\HALF-LIFE\TRINITY\CODESRC\DLLS\DEBUGHL\MULTIPLAY_GAMERULES.OBJ
D:\GAMES\HALF-LIFE\TRINITY\CODESRC\DLLS\DEBUGHL\NIHILANTH.OBJ
D:\GAMES\HALF-LIFE\TRINITY\CODESRC\DLLS\DEBUGHL\NODES.OBJ
D:\GAMES\HALF-LIFE\TRINITY\CODESRC\DLLS\DEBUGHL\OSPREY.OBJ
D:\GAMES\HALF-LIFE\TRINITY\CODESRC\DLLS\DEBUGHL\PATHCORNER.OBJ
D:\GAMES\HALF-LIFE\TRINITY\CODESRC\DLLS\DEBUGHL\PLANE.OBJ
D:\GAMES\HALF-LIFE\TRINITY\CODESRC\DLLS\DEBUGHL\PLATS.OBJ
D:\GAMES\HALF-LIFE\TRINITY\CODESRC\DLLS\DEBUGHL\PLAYER.OBJ
D:\GAMES\HALF-LIFE\TRINITY\CODESRC\DLLS\DEBUGHL\PM_DEBUG.OBJ
D:\GAMES\HALF-LIFE\TRINITY\CODESRC\DLLS\DEBUGHL\PM_MATH.OBJ
D:\GAMES\HALF-LIFE\TRINITY\CODESRC\DLLS\DEBUGHL\PM_SHARED.OBJ
D:\GAMES\HALF-LIFE\TRINITY\CODESRC\DLLS\DEBUGHL\PYTHON.OBJ
D:\GAMES\HALF-LIFE\TRINITY\CODESRC\DLLS\DEBUGHL\RAT.OBJ
D:\Games\Half-Life\trinity\codesrc\dlls\debughl\rc.command.1.tlog
D:\Games\Half-Life\trinity\codesrc\dlls\debughl\rc.read.1.tlog
D:\Games\Half-Life\trinity\codesrc\dlls\debughl\rc.write.1.tlog
D:\GAMES\HALF-LIFE\TRINITY\CODESRC\DLLS\DEBUGHL\ROACH.OBJ
D:\GAMES\HALF-LIFE\TRINITY\CODESRC\DLLS\DEBUGHL\RPG.OBJ
D:\GAMES\HALF-LIFE\TRINITY\CODESRC\DLLS\DEBUGHL\SATCHEL.OBJ
D:\GAMES\HALF-LIFE\TRINITY\CODESRC\DLLS\DEBUGHL\SCHEDULE.OBJ
D:\GAMES\HALF-LIFE\TRINITY\CODESRC\DLLS\DEBUGHL\SCIENTIST.OBJ
D:\GAMES\HALF-LIFE\TRINITY\CODESRC\DLLS\DEBUGHL\SCRIPTED.OBJ
D:\GAMES\HALF-LIFE\TRINITY\CODESRC\DLLS\DEBUGHL\SHOTGUN.OBJ
D:\GAMES\HALF-LIFE\TRINITY\CODESRC\DLLS\DEBUGHL\SINGLEPLAY_GAMERULES.OBJ
D:\GAMES\HALF-LIFE\TRINITY\CODESRC\DLLS\DEBUGHL\SKILL.OBJ
D:\GAMES\HALF-LIFE\TRINITY\CODESRC\DLLS\DEBUGHL\SOUND.OBJ
D:\GAMES\HALF-LIFE\TRINITY\CODESRC\DLLS\DEBUGHL\SOUNDENT.OBJ
D:\GAMES\HALF-LIFE\TRINITY\CODESRC\DLLS\DEBUGHL\SPECTATOR.OBJ
D:\GAMES\HALF-LIFE\TRINITY\CODESRC\DLLS\DEBUGHL\SQUADMONSTER.OBJ
D:\GAMES\HALF-LIFE\TRINITY\CODESRC\DLLS\DEBUGHL\SQUEAKGRENADE.OBJ
D:\GAMES\HALF-LIFE\TRINITY\CODESRC\DLLS\DEBUGHL\SUBS.OBJ
D:\GAMES\HALF-LIFE\TRINITY\CODESRC\DLLS\DEBUGHL\TALKMONSTER.OBJ
D:\GAMES\HALF-LIFE\TRINITY\CODESRC\DLLS\DEBUGHL\TEAMPLAY_GAMERULES.OBJ
D:\GAMES\HALF-LIFE\TRINITY\CODESRC\DLLS\DEBUGHL\TEMPMONSTER.OBJ
D:\GAMES\HALF-LIFE\TRINITY\CODESRC\DLLS\DEBUGHL\TENTACLE.OBJ
D:\GAMES\HALF-LIFE\TRINITY\CODESRC\DLLS\DEBUGHL\TRIGGERS.OBJ
D:\GAMES\HALF-LIFE\TRINITY\CODESRC\DLLS\DEBUGHL\TRIPMINE.OBJ
D:\GAMES\HALF-LIFE\TRINITY\CODESRC\DLLS\DEBUGHL\TURRET.OBJ
D:\GAMES\HALF-LIFE\TRINITY\CODESRC\DLLS\DEBUGHL\UTIL.OBJ
D:\Games\Half-Life\trinity\codesrc\dlls\debughl\vc100.idb
D:\GAMES\HALF-LIFE\TRINITY\CODESRC\DLLS\DEBUGHL\VC100.PDB
D:\GAMES\HALF-LIFE\TRINITY\CODESRC\DLLS\DEBUGHL\VOICE_GAMEMGR.OBJ
D:\GAMES\HALF-LIFE\TRINITY\CODESRC\DLLS\DEBUGHL\WEAPONS.OBJ
D:\GAMES\HALF-LIFE\TRINITY\CODESRC\DLLS\DEBUGHL\WORLD.OBJ
D:\GAMES\HALF-LIFE\TRINITY\CODESRC\DLLS\DEBUGHL\XEN.OBJ
D:\GAMES\HALF-LIFE\TRINITY\CODESRC\DLLS\DEBUGHL\ZOMBIE.OBJ
