.\Debug\client.ilk
.\Debug\client.pdb
D:\Games\Half-Life\trinity\codesrc\cl_dll\.\Debug\client.dll
D:\Games\Half-Life\trinity\codesrc\cl_dll\.\Debug\client.dll.intermediate.manifest
D:\GAMES\HALF-LIFE\TRINITY\CODESRC\CL_DLL\DEBUG\AMMO.OBJ
D:\GAMES\HALF-LIFE\TRINITY\CODESRC\CL_DLL\DEBUG\AMMO.SBR
D:\GAMES\HALF-LIFE\TRINITY\CODESRC\CL_DLL\DEBUG\AMMO_SECONDARY.OBJ
D:\GAMES\HALF-LIFE\TRINITY\CODESRC\CL_DLL\DEBUG\AMMO_SECONDARY.SBR
D:\GAMES\HALF-LIFE\TRINITY\CODESRC\CL_DLL\DEBUG\AMMOHISTORY.OBJ
D:\GAMES\HALF-LIFE\TRINITY\CODESRC\CL_DLL\DEBUG\AMMOHISTORY.SBR
D:\GAMES\HALF-LIFE\TRINITY\CODESRC\CL_DLL\DEBUG\BATTERY.OBJ
D:\GAMES\HALF-LIFE\TRINITY\CODESRC\CL_DLL\DEBUG\BATTERY.SBR
D:\Games\Half-Life\trinity\codesrc\cl_dll\Debug\BscMake.command.1.tlog
D:\Games\Half-Life\trinity\codesrc\cl_dll\Debug\bscmake.read.1.tlog
D:\Games\Half-Life\trinity\codesrc\cl_dll\Debug\bscmake.write.1.tlog
D:\GAMES\HALF-LIFE\TRINITY\CODESRC\CL_DLL\DEBUG\BSPRENDERER.OBJ
D:\GAMES\HALF-LIFE\TRINITY\CODESRC\CL_DLL\DEBUG\BSPRENDERER.SBR
D:\GAMES\HALF-LIFE\TRINITY\CODESRC\CL_DLL\DEBUG\CDLL_INT.OBJ
D:\GAMES\HALF-LIFE\TRINITY\CODESRC\CL_DLL\DEBUG\CDLL_INT.SBR
D:\Games\Half-Life\trinity\codesrc\cl_dll\Debug\cl.command.1.tlog
D:\Games\Half-Life\trinity\codesrc\cl_dll\Debug\CL.read.1.tlog
D:\Games\Half-Life\trinity\codesrc\cl_dll\Debug\CL.write.1.tlog
D:\GAMES\HALF-LIFE\TRINITY\CODESRC\CL_DLL\DEBUG\CL_DLL.BSC
D:\Games\Half-Life\trinity\codesrc\cl_dll\Debug\cl_dll.vcxprojResolveAssemblyReference.cache
D:\Games\Half-Life\trinity\codesrc\cl_dll\Debug\cl_dll.write.1.tlog
D:\GAMES\HALF-LIFE\TRINITY\CODESRC\CL_DLL\DEBUG\CLIENT.DLL
D:\GAMES\HALF-LIFE\TRINITY\CODESRC\CL_DLL\DEBUG\CLIENT.DLL.EMBED.MANIFEST
D:\GAMES\HALF-LIFE\TRINITY\CODESRC\CL_DLL\DEBUG\CLIENT.DLL.EMBED.MANIFEST.RES
D:\GAMES\HALF-LIFE\TRINITY\CODESRC\CL_DLL\DEBUG\CLIENT.DLL.INTERMEDIATE.MANIFEST
D:\Games\Half-Life\trinity\codesrc\cl_dll\Debug\client.exp
D:\GAMES\HALF-LIFE\TRINITY\CODESRC\CL_DLL\DEBUG\CLIENT.ILK
D:\Games\Half-Life\trinity\codesrc\cl_dll\Debug\client.lib
D:\GAMES\HALF-LIFE\TRINITY\CODESRC\CL_DLL\DEBUG\CLIENT.PDB
D:\Games\Half-Life\trinity\codesrc\cl_dll\Debug\client_manifest.rc
D:\GAMES\HALF-LIFE\TRINITY\CODESRC\CL_DLL\DEBUG\COM_WEAPONS.OBJ
D:\GAMES\HALF-LIFE\TRINITY\CODESRC\CL_DLL\DEBUG\COM_WEAPONS.SBR
D:\GAMES\HALF-LIFE\TRINITY\CODESRC\CL_DLL\DEBUG\CROSSBOW.OBJ
D:\GAMES\HALF-LIFE\TRINITY\CODESRC\CL_DLL\DEBUG\CROSSBOW.SBR
D:\GAMES\HALF-LIFE\TRINITY\CODESRC\CL_DLL\DEBUG\CROWBAR.OBJ
D:\GAMES\HALF-LIFE\TRINITY\CODESRC\CL_DLL\DEBUG\CROWBAR.SBR
D:\GAMES\HALF-LIFE\TRINITY\CODESRC\CL_DLL\DEBUG\DEATH.OBJ
D:\GAMES\HALF-LIFE\TRINITY\CODESRC\CL_DLL\DEBUG\DEATH.SBR
D:\GAMES\HALF-LIFE\TRINITY\CODESRC\CL_DLL\DEBUG\DEMO.OBJ
D:\GAMES\HALF-LIFE\TRINITY\CODESRC\CL_DLL\DEBUG\DEMO.SBR
D:\GAMES\HALF-LIFE\TRINITY\CODESRC\CL_DLL\DEBUG\EGON.OBJ
D:\GAMES\HALF-LIFE\TRINITY\CODESRC\CL_DLL\DEBUG\EGON.SBR
D:\GAMES\HALF-LIFE\TRINITY\CODESRC\CL_DLL\DEBUG\ENTITY.OBJ
D:\GAMES\HALF-LIFE\TRINITY\CODESRC\CL_DLL\DEBUG\ENTITY.SBR
D:\GAMES\HALF-LIFE\TRINITY\CODESRC\CL_DLL\DEBUG\EV_COMMON.OBJ
D:\GAMES\HALF-LIFE\TRINITY\CODESRC\CL_DLL\DEBUG\EV_COMMON.SBR
D:\GAMES\HALF-LIFE\TRINITY\CODESRC\CL_DLL\DEBUG\EV_HLDM.OBJ
D:\GAMES\HALF-LIFE\TRINITY\CODESRC\CL_DLL\DEBUG\EV_HLDM.SBR
D:\GAMES\HALF-LIFE\TRINITY\CODESRC\CL_DLL\DEBUG\EVENTS.OBJ
D:\GAMES\HALF-LIFE\TRINITY\CODESRC\CL_DLL\DEBUG\EVENTS.SBR
D:\GAMES\HALF-LIFE\TRINITY\CODESRC\CL_DLL\DEBUG\FLASHLIGHT.OBJ
D:\GAMES\HALF-LIFE\TRINITY\CODESRC\CL_DLL\DEBUG\FLASHLIGHT.SBR
D:\GAMES\HALF-LIFE\TRINITY\CODESRC\CL_DLL\DEBUG\FRUSTUM.OBJ
D:\GAMES\HALF-LIFE\TRINITY\CODESRC\CL_DLL\DEBUG\FRUSTUM.SBR
D:\GAMES\HALF-LIFE\TRINITY\CODESRC\CL_DLL\DEBUG\GAMESTUDIOMODELRENDERER.OBJ
D:\GAMES\HALF-LIFE\TRINITY\CODESRC\CL_DLL\DEBUG\GAMESTUDIOMODELRENDERER.SBR
D:\GAMES\HALF-LIFE\TRINITY\CODESRC\CL_DLL\DEBUG\GAUSS.OBJ
D:\GAMES\HALF-LIFE\TRINITY\CODESRC\CL_DLL\DEBUG\GAUSS.SBR
D:\GAMES\HALF-LIFE\TRINITY\CODESRC\CL_DLL\DEBUG\GEIGER.OBJ
D:\GAMES\HALF-LIFE\TRINITY\CODESRC\CL_DLL\DEBUG\GEIGER.SBR
D:\GAMES\HALF-LIFE\TRINITY\CODESRC\CL_DLL\DEBUG\HANDGRENADE.OBJ
D:\GAMES\HALF-LIFE\TRINITY\CODESRC\CL_DLL\DEBUG\HANDGRENADE.SBR
D:\GAMES\HALF-LIFE\TRINITY\CODESRC\CL_DLL\DEBUG\HEALTH.OBJ
D:\GAMES\HALF-LIFE\TRINITY\CODESRC\CL_DLL\DEBUG\HEALTH.SBR
D:\GAMES\HALF-LIFE\TRINITY\CODESRC\CL_DLL\DEBUG\HL_BASEENTITY.OBJ
D:\GAMES\HALF-LIFE\TRINITY\CODESRC\CL_DLL\DEBUG\HL_BASEENTITY.SBR
D:\GAMES\HALF-LIFE\TRINITY\CODESRC\CL_DLL\DEBUG\HL_EVENTS.OBJ
D:\GAMES\HALF-LIFE\TRINITY\CODESRC\CL_DLL\DEBUG\HL_EVENTS.SBR
D:\GAMES\HALF-LIFE\TRINITY\CODESRC\CL_DLL\DEBUG\HL_OBJECTS.OBJ
D:\GAMES\HALF-LIFE\TRINITY\CODESRC\CL_DLL\DEBUG\HL_OBJECTS.SBR
D:\GAMES\HALF-LIFE\TRINITY\CODESRC\CL_DLL\DEBUG\HL_WEAPONS.OBJ
D:\GAMES\HALF-LIFE\TRINITY\CODESRC\CL_DLL\DEBUG\HL_WEAPONS.SBR
D:\GAMES\HALF-LIFE\TRINITY\CODESRC\CL_DLL\DEBUG\HL_WPN_GLOCK.OBJ
D:\GAMES\HALF-LIFE\TRINITY\CODESRC\CL_DLL\DEBUG\HL_WPN_GLOCK.SBR
D:\GAMES\HALF-LIFE\TRINITY\CODESRC\CL_DLL\DEBUG\HORNETGUN.OBJ
D:\GAMES\HALF-LIFE\TRINITY\CODESRC\CL_DLL\DEBUG\HORNETGUN.SBR
D:\GAMES\HALF-LIFE\TRINITY\CODESRC\CL_DLL\DEBUG\HUD.OBJ
D:\GAMES\HALF-LIFE\TRINITY\CODESRC\CL_DLL\DEBUG\HUD.SBR
D:\GAMES\HALF-LIFE\TRINITY\CODESRC\CL_DLL\DEBUG\HUD_MSG.OBJ
D:\GAMES\HALF-LIFE\TRINITY\CODESRC\CL_DLL\DEBUG\HUD_MSG.SBR
D:\GAMES\HALF-LIFE\TRINITY\CODESRC\CL_DLL\DEBUG\HUD_REDRAW.OBJ
D:\GAMES\HALF-LIFE\TRINITY\CODESRC\CL_DLL\DEBUG\HUD_REDRAW.SBR
D:\GAMES\HALF-LIFE\TRINITY\CODESRC\CL_DLL\DEBUG\HUD_SERVERS.OBJ
D:\GAMES\HALF-LIFE\TRINITY\CODESRC\CL_DLL\DEBUG\HUD_SERVERS.SBR
D:\GAMES\HALF-LIFE\TRINITY\CODESRC\CL_DLL\DEBUG\HUD_SPECTATOR.OBJ
D:\GAMES\HALF-LIFE\TRINITY\CODESRC\CL_DLL\DEBUG\HUD_SPECTATOR.SBR
D:\GAMES\HALF-LIFE\TRINITY\CODESRC\CL_DLL\DEBUG\HUD_UPDATE.OBJ
D:\GAMES\HALF-LIFE\TRINITY\CODESRC\CL_DLL\DEBUG\HUD_UPDATE.SBR
D:\GAMES\HALF-LIFE\TRINITY\CODESRC\CL_DLL\DEBUG\IN_CAMERA.OBJ
D:\GAMES\HALF-LIFE\TRINITY\CODESRC\CL_DLL\DEBUG\IN_CAMERA.SBR
D:\GAMES\HALF-LIFE\TRINITY\CODESRC\CL_DLL\DEBUG\INPUT.OBJ
D:\GAMES\HALF-LIFE\TRINITY\CODESRC\CL_DLL\DEBUG\INPUT.SBR
D:\GAMES\HALF-LIFE\TRINITY\CODESRC\CL_DLL\DEBUG\INPUTW32.OBJ
D:\GAMES\HALF-LIFE\TRINITY\CODESRC\CL_DLL\DEBUG\INPUTW32.SBR
D:\GAMES\HALF-LIFE\TRINITY\CODESRC\CL_DLL\DEBUG\INTERFACE.OBJ
D:\GAMES\HALF-LIFE\TRINITY\CODESRC\CL_DLL\DEBUG\INTERFACE.SBR
D:\Games\Half-Life\trinity\codesrc\cl_dll\Debug\link.5584.read.1.tlog
D:\Games\Half-Life\trinity\codesrc\cl_dll\Debug\link.5584.write.1.tlog
D:\Games\Half-Life\trinity\codesrc\cl_dll\Debug\link.5584-cvtres.read.1.tlog
D:\Games\Half-Life\trinity\codesrc\cl_dll\Debug\link.5584-cvtres.write.1.tlog
D:\Games\Half-Life\trinity\codesrc\cl_dll\Debug\link.command.1.tlog
D:\Games\Half-Life\trinity\codesrc\cl_dll\Debug\link.read.1.tlog
D:\Games\Half-Life\trinity\codesrc\cl_dll\Debug\link.write.1.tlog
D:\Games\Half-Life\trinity\codesrc\cl_dll\Debug\link-cvtres.read.1.tlog
D:\Games\Half-Life\trinity\codesrc\cl_dll\Debug\link-cvtres.write.1.tlog
D:\GAMES\HALF-LIFE\TRINITY\CODESRC\CL_DLL\DEBUG\MENU.OBJ
D:\GAMES\HALF-LIFE\TRINITY\CODESRC\CL_DLL\DEBUG\MENU.SBR
D:\GAMES\HALF-LIFE\TRINITY\CODESRC\CL_DLL\DEBUG\MESSAGE.OBJ
D:\GAMES\HALF-LIFE\TRINITY\CODESRC\CL_DLL\DEBUG\MESSAGE.SBR
D:\GAMES\HALF-LIFE\TRINITY\CODESRC\CL_DLL\DEBUG\MIRRORMANAGER.OBJ
D:\GAMES\HALF-LIFE\TRINITY\CODESRC\CL_DLL\DEBUG\MIRRORMANAGER.SBR
D:\GAMES\HALF-LIFE\TRINITY\CODESRC\CL_DLL\DEBUG\MP5.OBJ
D:\GAMES\HALF-LIFE\TRINITY\CODESRC\CL_DLL\DEBUG\MP5.SBR
D:\Games\Half-Life\trinity\codesrc\cl_dll\Debug\mt.command.1.tlog
D:\Games\Half-Life\trinity\codesrc\cl_dll\Debug\mt.read.1.tlog
D:\Games\Half-Life\trinity\codesrc\cl_dll\Debug\mt.write.1.tlog
D:\GAMES\HALF-LIFE\TRINITY\CODESRC\CL_DLL\DEBUG\PARSEMSG.OBJ
D:\GAMES\HALF-LIFE\TRINITY\CODESRC\CL_DLL\DEBUG\PARSEMSG.SBR
D:\GAMES\HALF-LIFE\TRINITY\CODESRC\CL_DLL\DEBUG\PARTICLE_ENGINE.OBJ
D:\GAMES\HALF-LIFE\TRINITY\CODESRC\CL_DLL\DEBUG\PARTICLE_ENGINE.SBR
D:\GAMES\HALF-LIFE\TRINITY\CODESRC\CL_DLL\DEBUG\PM_DEBUG.OBJ
D:\GAMES\HALF-LIFE\TRINITY\CODESRC\CL_DLL\DEBUG\PM_DEBUG.SBR
D:\GAMES\HALF-LIFE\TRINITY\CODESRC\CL_DLL\DEBUG\PM_MATH.OBJ
D:\GAMES\HALF-LIFE\TRINITY\CODESRC\CL_DLL\DEBUG\PM_MATH.SBR
D:\GAMES\HALF-LIFE\TRINITY\CODESRC\CL_DLL\DEBUG\PM_SHARED.OBJ
D:\GAMES\HALF-LIFE\TRINITY\CODESRC\CL_DLL\DEBUG\PM_SHARED.SBR
D:\GAMES\HALF-LIFE\TRINITY\CODESRC\CL_DLL\DEBUG\PROPMANAGER.OBJ
D:\GAMES\HALF-LIFE\TRINITY\CODESRC\CL_DLL\DEBUG\PROPMANAGER.SBR
D:\GAMES\HALF-LIFE\TRINITY\CODESRC\CL_DLL\DEBUG\PYTHON.OBJ
D:\GAMES\HALF-LIFE\TRINITY\CODESRC\CL_DLL\DEBUG\PYTHON.SBR
D:\Games\Half-Life\trinity\codesrc\cl_dll\Debug\rc.command.1.tlog
D:\Games\Half-Life\trinity\codesrc\cl_dll\Debug\rc.read.1.tlog
D:\Games\Half-Life\trinity\codesrc\cl_dll\Debug\rc.write.1.tlog
D:\GAMES\HALF-LIFE\TRINITY\CODESRC\CL_DLL\DEBUG\RENDERERDEFS.OBJ
D:\GAMES\HALF-LIFE\TRINITY\CODESRC\CL_DLL\DEBUG\RENDERERDEFS.SBR
D:\GAMES\HALF-LIFE\TRINITY\CODESRC\CL_DLL\DEBUG\RPG.OBJ
D:\GAMES\HALF-LIFE\TRINITY\CODESRC\CL_DLL\DEBUG\RPG.SBR
D:\GAMES\HALF-LIFE\TRINITY\CODESRC\CL_DLL\DEBUG\SATCHEL.OBJ
D:\GAMES\HALF-LIFE\TRINITY\CODESRC\CL_DLL\DEBUG\SATCHEL.SBR
D:\GAMES\HALF-LIFE\TRINITY\CODESRC\CL_DLL\DEBUG\SAYTEXT.OBJ
D:\GAMES\HALF-LIFE\TRINITY\CODESRC\CL_DLL\DEBUG\SAYTEXT.SBR
D:\GAMES\HALF-LIFE\TRINITY\CODESRC\CL_DLL\DEBUG\SHOTGUN.OBJ
D:\GAMES\HALF-LIFE\TRINITY\CODESRC\CL_DLL\DEBUG\SHOTGUN.SBR
D:\GAMES\HALF-LIFE\TRINITY\CODESRC\CL_DLL\DEBUG\SQUEAKGRENADE.OBJ
D:\GAMES\HALF-LIFE\TRINITY\CODESRC\CL_DLL\DEBUG\SQUEAKGRENADE.SBR
D:\GAMES\HALF-LIFE\TRINITY\CODESRC\CL_DLL\DEBUG\STATUS_ICONS.OBJ
D:\GAMES\HALF-LIFE\TRINITY\CODESRC\CL_DLL\DEBUG\STATUS_ICONS.SBR
D:\GAMES\HALF-LIFE\TRINITY\CODESRC\CL_DLL\DEBUG\STATUSBAR.OBJ
D:\GAMES\HALF-LIFE\TRINITY\CODESRC\CL_DLL\DEBUG\STATUSBAR.SBR
D:\GAMES\HALF-LIFE\TRINITY\CODESRC\CL_DLL\DEBUG\STUDIO_UTIL.OBJ
D:\GAMES\HALF-LIFE\TRINITY\CODESRC\CL_DLL\DEBUG\STUDIO_UTIL.SBR
D:\GAMES\HALF-LIFE\TRINITY\CODESRC\CL_DLL\DEBUG\STUDIOMODELRENDERER.OBJ
D:\GAMES\HALF-LIFE\TRINITY\CODESRC\CL_DLL\DEBUG\STUDIOMODELRENDERER.SBR
D:\GAMES\HALF-LIFE\TRINITY\CODESRC\CL_DLL\DEBUG\TEXT_MESSAGE.OBJ
D:\GAMES\HALF-LIFE\TRINITY\CODESRC\CL_DLL\DEBUG\TEXT_MESSAGE.SBR
D:\GAMES\HALF-LIFE\TRINITY\CODESRC\CL_DLL\DEBUG\TEXTURELOADER.OBJ
D:\GAMES\HALF-LIFE\TRINITY\CODESRC\CL_DLL\DEBUG\TEXTURELOADER.SBR
D:\GAMES\HALF-LIFE\TRINITY\CODESRC\CL_DLL\DEBUG\TRAIN.OBJ
D:\GAMES\HALF-LIFE\TRINITY\CODESRC\CL_DLL\DEBUG\TRAIN.SBR
D:\GAMES\HALF-LIFE\TRINITY\CODESRC\CL_DLL\DEBUG\TRI.OBJ
D:\GAMES\HALF-LIFE\TRINITY\CODESRC\CL_DLL\DEBUG\TRI.SBR
D:\GAMES\HALF-LIFE\TRINITY\CODESRC\CL_DLL\DEBUG\TRIPMINE.OBJ
D:\GAMES\HALF-LIFE\TRINITY\CODESRC\CL_DLL\DEBUG\TRIPMINE.SBR
D:\GAMES\HALF-LIFE\TRINITY\CODESRC\CL_DLL\DEBUG\UTIL.OBJ
D:\GAMES\HALF-LIFE\TRINITY\CODESRC\CL_DLL\DEBUG\UTIL.SBR
D:\Games\Half-Life\trinity\codesrc\cl_dll\Debug\vc100.idb
D:\GAMES\HALF-LIFE\TRINITY\CODESRC\CL_DLL\DEBUG\VC100.PDB
D:\GAMES\HALF-LIFE\TRINITY\CODESRC\CL_DLL\DEBUG\VGUI_CHECKBUTTON2.OBJ
D:\GAMES\HALF-LIFE\TRINITY\CODESRC\CL_DLL\DEBUG\VGUI_CHECKBUTTON2.SBR
D:\GAMES\HALF-LIFE\TRINITY\CODESRC\CL_DLL\DEBUG\VGUI_CLASSMENU.OBJ
D:\GAMES\HALF-LIFE\TRINITY\CODESRC\CL_DLL\DEBUG\VGUI_CLASSMENU.SBR
D:\GAMES\HALF-LIFE\TRINITY\CODESRC\CL_DLL\DEBUG\VGUI_CONSOLEPANEL.OBJ
D:\GAMES\HALF-LIFE\TRINITY\CODESRC\CL_DLL\DEBUG\VGUI_CONSOLEPANEL.SBR
D:\GAMES\HALF-LIFE\TRINITY\CODESRC\CL_DLL\DEBUG\VGUI_CONTROLCONFIGPANEL.OBJ
D:\GAMES\HALF-LIFE\TRINITY\CODESRC\CL_DLL\DEBUG\VGUI_CONTROLCONFIGPANEL.SBR
D:\GAMES\HALF-LIFE\TRINITY\CODESRC\CL_DLL\DEBUG\VGUI_CUSTOMOBJECTS.OBJ
D:\GAMES\HALF-LIFE\TRINITY\CODESRC\CL_DLL\DEBUG\VGUI_CUSTOMOBJECTS.SBR
D:\GAMES\HALF-LIFE\TRINITY\CODESRC\CL_DLL\DEBUG\VGUI_GRID.OBJ
D:\GAMES\HALF-LIFE\TRINITY\CODESRC\CL_DLL\DEBUG\VGUI_GRID.SBR
D:\GAMES\HALF-LIFE\TRINITY\CODESRC\CL_DLL\DEBUG\VGUI_HELPERS.OBJ
D:\GAMES\HALF-LIFE\TRINITY\CODESRC\CL_DLL\DEBUG\VGUI_HELPERS.SBR
D:\GAMES\HALF-LIFE\TRINITY\CODESRC\CL_DLL\DEBUG\VGUI_INT.OBJ
D:\GAMES\HALF-LIFE\TRINITY\CODESRC\CL_DLL\DEBUG\VGUI_INT.SBR
D:\GAMES\HALF-LIFE\TRINITY\CODESRC\CL_DLL\DEBUG\VGUI_LISTBOX.OBJ
D:\GAMES\HALF-LIFE\TRINITY\CODESRC\CL_DLL\DEBUG\VGUI_LISTBOX.SBR
D:\GAMES\HALF-LIFE\TRINITY\CODESRC\CL_DLL\DEBUG\VGUI_LOADTGA.OBJ
D:\GAMES\HALF-LIFE\TRINITY\CODESRC\CL_DLL\DEBUG\VGUI_LOADTGA.SBR
D:\GAMES\HALF-LIFE\TRINITY\CODESRC\CL_DLL\DEBUG\VGUI_MOTDWINDOW.OBJ
D:\GAMES\HALF-LIFE\TRINITY\CODESRC\CL_DLL\DEBUG\VGUI_MOTDWINDOW.SBR
D:\GAMES\HALF-LIFE\TRINITY\CODESRC\CL_DLL\DEBUG\VGUI_SCHEMEMANAGER.OBJ
D:\GAMES\HALF-LIFE\TRINITY\CODESRC\CL_DLL\DEBUG\VGUI_SCHEMEMANAGER.SBR
D:\GAMES\HALF-LIFE\TRINITY\CODESRC\CL_DLL\DEBUG\VGUI_SCOREPANEL.OBJ
D:\GAMES\HALF-LIFE\TRINITY\CODESRC\CL_DLL\DEBUG\VGUI_SCOREPANEL.SBR
D:\GAMES\HALF-LIFE\TRINITY\CODESRC\CL_DLL\DEBUG\VGUI_SCROLLBAR2.OBJ
D:\GAMES\HALF-LIFE\TRINITY\CODESRC\CL_DLL\DEBUG\VGUI_SCROLLBAR2.SBR
D:\GAMES\HALF-LIFE\TRINITY\CODESRC\CL_DLL\DEBUG\VGUI_SERVERBROWSER.OBJ
D:\GAMES\HALF-LIFE\TRINITY\CODESRC\CL_DLL\DEBUG\VGUI_SERVERBROWSER.SBR
D:\GAMES\HALF-LIFE\TRINITY\CODESRC\CL_DLL\DEBUG\VGUI_SLIDER2.OBJ
D:\GAMES\HALF-LIFE\TRINITY\CODESRC\CL_DLL\DEBUG\VGUI_SLIDER2.SBR
D:\GAMES\HALF-LIFE\TRINITY\CODESRC\CL_DLL\DEBUG\VGUI_SPECTATORPANEL.OBJ
D:\GAMES\HALF-LIFE\TRINITY\CODESRC\CL_DLL\DEBUG\VGUI_SPECTATORPANEL.SBR
D:\GAMES\HALF-LIFE\TRINITY\CODESRC\CL_DLL\DEBUG\VGUI_TEAMFORTRESSVIEWPORT.OBJ
D:\GAMES\HALF-LIFE\TRINITY\CODESRC\CL_DLL\DEBUG\VGUI_TEAMFORTRESSVIEWPORT.SBR
D:\GAMES\HALF-LIFE\TRINITY\CODESRC\CL_DLL\DEBUG\VGUI_TEAMMENU.OBJ
D:\GAMES\HALF-LIFE\TRINITY\CODESRC\CL_DLL\DEBUG\VGUI_TEAMMENU.SBR
D:\GAMES\HALF-LIFE\TRINITY\CODESRC\CL_DLL\DEBUG\VIEW.OBJ
D:\GAMES\HALF-LIFE\TRINITY\CODESRC\CL_DLL\DEBUG\VIEW.SBR
D:\GAMES\HALF-LIFE\TRINITY\CODESRC\CL_DLL\DEBUG\VOICE_BANMGR.OBJ
D:\GAMES\HALF-LIFE\TRINITY\CODESRC\CL_DLL\DEBUG\VOICE_BANMGR.SBR
D:\GAMES\HALF-LIFE\TRINITY\CODESRC\CL_DLL\DEBUG\VOICE_STATUS.OBJ
D:\GAMES\HALF-LIFE\TRINITY\CODESRC\CL_DLL\DEBUG\VOICE_STATUS.SBR
D:\GAMES\HALF-LIFE\TRINITY\CODESRC\CL_DLL\DEBUG\WATERSHADER.OBJ
D:\GAMES\HALF-LIFE\TRINITY\CODESRC\CL_DLL\DEBUG\WATERSHADER.SBR
